{"/Users/amitghetiya/Desktop/Courses/SE/project/Autofill-Buddy/Code/newProfile.js": {"path":"/Users/amitghetiya/Desktop/Courses/SE/project/Autofill-Buddy/Code/newProfile.js","statementMap":{"0":{"start":{"line":6,"column":0},"end":{"line":94,"column":1}},"1":{"start":{"line":8,"column":25},"end":{"line":8,"column":62}},"2":{"start":{"line":9,"column":2},"end":{"line":11,"column":3}},"3":{"start":{"line":10,"column":4},"end":{"line":10,"column":64}},"4":{"start":{"line":13,"column":4},"end":{"line":13,"column":37}},"5":{"start":{"line":17,"column":28},"end":{"line":17,"column":68}},"6":{"start":{"line":18,"column":2},"end":{"line":20,"column":3}},"7":{"start":{"line":19,"column":4},"end":{"line":19,"column":64}},"8":{"start":{"line":22,"column":4},"end":{"line":22,"column":32}},"9":{"start":{"line":25,"column":24},"end":{"line":25,"column":60}},"10":{"start":{"line":26,"column":2},"end":{"line":28,"column":3}},"11":{"start":{"line":27,"column":4},"end":{"line":27,"column":59}},"12":{"start":{"line":30,"column":27},"end":{"line":30,"column":60}},"13":{"start":{"line":31,"column":2},"end":{"line":33,"column":3}},"14":{"start":{"line":32,"column":4},"end":{"line":32,"column":62}},"15":{"start":{"line":35,"column":14},"end":{"line":35,"column":44}},"16":{"start":{"line":36,"column":19},"end":{"line":36,"column":48}},"17":{"start":{"line":37,"column":4},"end":{"line":37,"column":30}},"18":{"start":{"line":38,"column":17},"end":{"line":38,"column":58}},"19":{"start":{"line":39,"column":4},"end":{"line":39,"column":41}},"20":{"start":{"line":40,"column":4},"end":{"line":40,"column":29}},"21":{"start":{"line":41,"column":4},"end":{"line":41,"column":24}},"22":{"start":{"line":45,"column":15},"end":{"line":45,"column":53}},"23":{"start":{"line":46,"column":18},"end":{"line":46,"column":59}},"24":{"start":{"line":47,"column":4},"end":{"line":47,"column":28}},"25":{"start":{"line":48,"column":4},"end":{"line":60,"column":5}},"26":{"start":{"line":48,"column":17},"end":{"line":48,"column":18}},"27":{"start":{"line":49,"column":6},"end":{"line":49,"column":40}},"28":{"start":{"line":50,"column":6},"end":{"line":50,"column":46}},"29":{"start":{"line":51,"column":6},"end":{"line":59,"column":8}},"30":{"start":{"line":52,"column":20},"end":{"line":52,"column":38}},"31":{"start":{"line":53,"column":8},"end":{"line":57,"column":9}},"32":{"start":{"line":54,"column":22},"end":{"line":54,"column":52}},"33":{"start":{"line":55,"column":10},"end":{"line":55,"column":28}},"34":{"start":{"line":56,"column":10},"end":{"line":56,"column":24}},"35":{"start":{"line":58,"column":8},"end":{"line":58,"column":28}},"36":{"start":{"line":63,"column":2},"end":{"line":93,"column":4}},"37":{"start":{"line":64,"column":17},"end":{"line":64,"column":40}},"38":{"start":{"line":65,"column":19},"end":{"line":65,"column":39}},"39":{"start":{"line":66,"column":4},"end":{"line":66,"column":25}},"40":{"start":{"line":67,"column":19},"end":{"line":67,"column":21}},"41":{"start":{"line":68,"column":4},"end":{"line":71,"column":5}},"42":{"start":{"line":69,"column":17},"end":{"line":69,"column":24}},"43":{"start":{"line":70,"column":6},"end":{"line":70,"column":30}},"44":{"start":{"line":72,"column":14},"end":{"line":72,"column":34}},"45":{"start":{"line":73,"column":4},"end":{"line":75,"column":6}},"46":{"start":{"line":74,"column":6},"end":{"line":74,"column":39}},"47":{"start":{"line":77,"column":4},"end":{"line":90,"column":6}},"48":{"start":{"line":78,"column":6},"end":{"line":89,"column":7}},"49":{"start":{"line":79,"column":8},"end":{"line":79,"column":34}},"50":{"start":{"line":80,"column":8},"end":{"line":82,"column":10}},"51":{"start":{"line":81,"column":10},"end":{"line":81,"column":49}},"52":{"start":{"line":84,"column":26},"end":{"line":84,"column":28}},"53":{"start":{"line":85,"column":8},"end":{"line":85,"column":29}},"54":{"start":{"line":86,"column":8},"end":{"line":88,"column":10}},"55":{"start":{"line":87,"column":10},"end":{"line":87,"column":53}},"56":{"start":{"line":92,"column":4},"end":{"line":92,"column":32}},"57":{"start":{"line":97,"column":16},"end":{"line":97,"column":54}},"58":{"start":{"line":98,"column":19},"end":{"line":98,"column":60}},"59":{"start":{"line":99,"column":2},"end":{"line":111,"column":3}},"60":{"start":{"line":99,"column":15},"end":{"line":99,"column":16}},"61":{"start":{"line":100,"column":4},"end":{"line":100,"column":46}},"62":{"start":{"line":101,"column":4},"end":{"line":101,"column":44}},"63":{"start":{"line":102,"column":4},"end":{"line":110,"column":6}},"64":{"start":{"line":103,"column":18},"end":{"line":103,"column":36}},"65":{"start":{"line":104,"column":6},"end":{"line":108,"column":7}},"66":{"start":{"line":105,"column":20},"end":{"line":105,"column":50}},"67":{"start":{"line":106,"column":8},"end":{"line":106,"column":26}},"68":{"start":{"line":107,"column":8},"end":{"line":107,"column":22}},"69":{"start":{"line":109,"column":6},"end":{"line":109,"column":23}},"70":{"start":{"line":115,"column":11},"end":{"line":115,"column":40}},"71":{"start":{"line":116,"column":17},"end":{"line":116,"column":46}},"72":{"start":{"line":117,"column":2},"end":{"line":117,"column":28}},"73":{"start":{"line":118,"column":14},"end":{"line":118,"column":55}},"74":{"start":{"line":119,"column":2},"end":{"line":119,"column":38}},"75":{"start":{"line":120,"column":2},"end":{"line":120,"column":26}},"76":{"start":{"line":121,"column":2},"end":{"line":121,"column":19}},"77":{"start":{"line":124,"column":0},"end":{"line":124,"column":33}}},"fnMap":{"0":{"name":"(anonymous_0)","decl":{"start":{"line":6,"column":16},"end":{"line":6,"column":17}},"loc":{"start":{"line":6,"column":28},"end":{"line":94,"column":1}},"line":6},"1":{"name":"createNewProfile","decl":{"start":{"line":12,"column":11},"end":{"line":12,"column":27}},"loc":{"start":{"line":12,"column":31},"end":{"line":14,"column":3}},"line":12},"2":{"name":"cancelProfile","decl":{"start":{"line":21,"column":11},"end":{"line":21,"column":24}},"loc":{"start":{"line":21,"column":28},"end":{"line":23,"column":3}},"line":21},"3":{"name":"addEducation","decl":{"start":{"line":34,"column":11},"end":{"line":34,"column":23}},"loc":{"start":{"line":34,"column":27},"end":{"line":42,"column":3}},"line":34},"4":{"name":"assignIdsEducation","decl":{"start":{"line":44,"column":11},"end":{"line":44,"column":29}},"loc":{"start":{"line":44,"column":33},"end":{"line":61,"column":3}},"line":44},"5":{"name":"(anonymous_5)","decl":{"start":{"line":51,"column":82},"end":{"line":51,"column":83}},"loc":{"start":{"line":51,"column":94},"end":{"line":59,"column":7}},"line":51},"6":{"name":"(anonymous_6)","decl":{"start":{"line":63,"column":70},"end":{"line":63,"column":71}},"loc":{"start":{"line":63,"column":82},"end":{"line":93,"column":3}},"line":63},"7":{"name":"(anonymous_7)","decl":{"start":{"line":73,"column":47},"end":{"line":73,"column":48}},"loc":{"start":{"line":73,"column":59},"end":{"line":75,"column":5}},"line":73},"8":{"name":"(anonymous_8)","decl":{"start":{"line":77,"column":43},"end":{"line":77,"column":44}},"loc":{"start":{"line":77,"column":59},"end":{"line":90,"column":5}},"line":77},"9":{"name":"(anonymous_9)","decl":{"start":{"line":80,"column":67},"end":{"line":80,"column":68}},"loc":{"start":{"line":80,"column":79},"end":{"line":82,"column":9}},"line":80},"10":{"name":"(anonymous_10)","decl":{"start":{"line":86,"column":62},"end":{"line":86,"column":63}},"loc":{"start":{"line":86,"column":74},"end":{"line":88,"column":9}},"line":86},"11":{"name":"assignIdsWorkEx","decl":{"start":{"line":96,"column":9},"end":{"line":96,"column":24}},"loc":{"start":{"line":96,"column":28},"end":{"line":112,"column":1}},"line":96},"12":{"name":"(anonymous_12)","decl":{"start":{"line":102,"column":77},"end":{"line":102,"column":78}},"loc":{"start":{"line":102,"column":89},"end":{"line":110,"column":5}},"line":102},"13":{"name":"addNewWorkEx","decl":{"start":{"line":114,"column":9},"end":{"line":114,"column":21}},"loc":{"start":{"line":114,"column":25},"end":{"line":122,"column":1}},"line":114}},"branchMap":{"0":{"loc":{"start":{"line":9,"column":2},"end":{"line":11,"column":3}},"type":"if","locations":[{"start":{"line":9,"column":2},"end":{"line":11,"column":3}},{"start":{"line":9,"column":2},"end":{"line":11,"column":3}}],"line":9},"1":{"loc":{"start":{"line":18,"column":2},"end":{"line":20,"column":3}},"type":"if","locations":[{"start":{"line":18,"column":2},"end":{"line":20,"column":3}},{"start":{"line":18,"column":2},"end":{"line":20,"column":3}}],"line":18},"2":{"loc":{"start":{"line":26,"column":2},"end":{"line":28,"column":3}},"type":"if","locations":[{"start":{"line":26,"column":2},"end":{"line":28,"column":3}},{"start":{"line":26,"column":2},"end":{"line":28,"column":3}}],"line":26},"3":{"loc":{"start":{"line":31,"column":2},"end":{"line":33,"column":3}},"type":"if","locations":[{"start":{"line":31,"column":2},"end":{"line":33,"column":3}},{"start":{"line":31,"column":2},"end":{"line":33,"column":3}}],"line":31},"4":{"loc":{"start":{"line":53,"column":8},"end":{"line":57,"column":9}},"type":"if","locations":[{"start":{"line":53,"column":8},"end":{"line":57,"column":9}},{"start":{"line":53,"column":8},"end":{"line":57,"column":9}}],"line":53},"5":{"loc":{"start":{"line":78,"column":6},"end":{"line":89,"column":7}},"type":"if","locations":[{"start":{"line":78,"column":6},"end":{"line":89,"column":7}},{"start":{"line":78,"column":6},"end":{"line":89,"column":7}}],"line":78},"6":{"loc":{"start":{"line":104,"column":6},"end":{"line":108,"column":7}},"type":"if","locations":[{"start":{"line":104,"column":6},"end":{"line":108,"column":7}},{"start":{"line":104,"column":6},"end":{"line":108,"column":7}}],"line":104}},"s":{"0":1,"1":0,"2":0,"3":0,"4":0,"5":0,"6":0,"7":0,"8":0,"9":0,"10":0,"11":0,"12":0,"13":0,"14":0,"15":0,"16":0,"17":0,"18":0,"19":0,"20":0,"21":0,"22":0,"23":0,"24":0,"25":0,"26":0,"27":0,"28":0,"29":0,"30":0,"31":0,"32":0,"33":0,"34":0,"35":0,"36":0,"37":0,"38":0,"39":0,"40":0,"41":0,"42":0,"43":0,"44":0,"45":0,"46":0,"47":0,"48":0,"49":0,"50":0,"51":0,"52":0,"53":0,"54":0,"55":0,"56":0,"57":3,"58":3,"59":3,"60":3,"61":9,"62":9,"63":9,"64":0,"65":0,"66":0,"67":0,"68":0,"69":0,"70":3,"71":3,"72":3,"73":3,"74":3,"75":3,"76":3,"77":1},"f":{"0":0,"1":0,"2":0,"3":0,"4":0,"5":0,"6":0,"7":0,"8":0,"9":0,"10":0,"11":3,"12":0,"13":3},"b":{"0":[0,0],"1":[0,0],"2":[0,0],"3":[0,0],"4":[0,0],"5":[0,0],"6":[0,0]},"_coverageSchema":"1a1c01bbd47fc00a2c39e90264f33305004495a9","hash":"5ba5492673a33fccf3ed18d18295b9ae0f942bdb"}
}
