{"total": {"lines":{"total":76,"covered":15,"skipped":0,"pct":19.74},"statements":{"total":78,"covered":16,"skipped":0,"pct":20.51},"functions":{"total":14,"covered":2,"skipped":0,"pct":14.29},"branches":{"total":14,"covered":0,"skipped":0,"pct":0}}
,"/Users/amitghetiya/Desktop/Courses/SE/project/Autofill-Buddy/Code/newProfile.js": {"lines":{"total":76,"covered":15,"skipped":0,"pct":19.74},"functions":{"total":14,"covered":2,"skipped":0,"pct":14.29},"statements":{"total":78,"covered":16,"skipped":0,"pct":20.51},"branches":{"total":14,"covered":0,"skipped":0,"pct":0}}
}
