TN:
SF:newProfile.js
FN:6,(anonymous_0)
FN:12,createNewProfile
FN:21,cancelProfile
FN:34,addEducation
FN:44,assignIdsEducation
FN:51,(anonymous_5)
FN:63,(anonymous_6)
FN:73,(anonymous_7)
FN:77,(anonymous_8)
FN:80,(anonymous_9)
FN:86,(anonymous_10)
FN:96,assignIdsWorkEx
FN:102,(anonymous_12)
FN:114,addNewWorkEx
FNF:14
FNH:2
FNDA:0,(anonymous_0)
FNDA:0,createNewProfile
FNDA:0,cancelProfile
FNDA:0,addEducation
FNDA:0,assignIdsEducation
FNDA:0,(anonymous_5)
FNDA:0,(anonymous_6)
FNDA:0,(anonymous_7)
FNDA:0,(anonymous_8)
FNDA:0,(anonymous_9)
FNDA:0,(anonymous_10)
FNDA:3,assignIdsWorkEx
FNDA:0,(anonymous_12)
FNDA:3,addNewWorkEx
DA:6,1
DA:8,0
DA:9,0
DA:10,0
DA:13,0
DA:17,0
DA:18,0
DA:19,0
DA:22,0
DA:25,0
DA:26,0
DA:27,0
DA:30,0
DA:31,0
DA:32,0
DA:35,0
DA:36,0
DA:37,0
DA:38,0
DA:39,0
DA:40,0
DA:41,0
DA:45,0
DA:46,0
DA:47,0
DA:48,0
DA:49,0
DA:50,0
DA:51,0
DA:52,0
DA:53,0
DA:54,0
DA:55,0
DA:56,0
DA:58,0
DA:63,0
DA:64,0
DA:65,0
DA:66,0
DA:67,0
DA:68,0
DA:69,0
DA:70,0
DA:72,0
DA:73,0
DA:74,0
DA:77,0
DA:78,0
DA:79,0
DA:80,0
DA:81,0
DA:84,0
DA:85,0
DA:86,0
DA:87,0
DA:92,0
DA:97,3
DA:98,3
DA:99,3
DA:100,9
DA:101,9
DA:102,9
DA:103,0
DA:104,0
DA:105,0
DA:106,0
DA:107,0
DA:109,0
DA:115,3
DA:116,3
DA:117,3
DA:118,3
DA:119,3
DA:120,3
DA:121,3
DA:124,1
LF:76
LH:15
BRDA:9,0,0,0
BRDA:9,0,1,0
BRDA:18,1,0,0
BRDA:18,1,1,0
BRDA:26,2,0,0
BRDA:26,2,1,0
BRDA:31,3,0,0
BRDA:31,3,1,0
BRDA:53,4,0,0
BRDA:53,4,1,0
BRDA:78,5,0,0
BRDA:78,5,1,0
BRDA:104,6,0,0
BRDA:104,6,1,0
BRF:14
BRH:0
end_of_record
